<?xml version="1.0" encoding="UTF-8"?>
<!-- Generated by org.testng.reporters.JUnitXMLReporter -->
<testsuite ignored="2" hostname="BOOK-NV4SIBD4NN" failures="1" tests="1" name="Default test(failed)" time="0.048" errors="0" timestamp="18 Jan 2024 23:53:58 GMT">
  <testcase classname="com.testng.test.Practice" name="getHome3" time="0.012">
    <failure type="java.lang.AssertionError" message="expected [true] but found [false]">
      <![CDATA[java.lang.AssertionError: expected [true] but found [false]
at com.testng.test.Practice.getHome3(Practice.java:24)
... Removed 29 stack frames]]>
    </failure>
  </testcase> <!-- getHome3 -->
  <testcase classname="com.testng.test.Practice" name="getName1" time="0.0">
    <ignored/>
  </testcase> <!-- getName1 -->
  <testcase classname="com.testng.test.Practice" name="getvalue2" time="0.0">
    <ignored/>
  </testcase> <!-- getvalue2 -->
</testsuite> <!-- Default test(failed) -->
