<?xml version="1.0" encoding="UTF-8"?>
<!-- Generated by org.testng.reporters.JUnitXMLReporter -->
<testsuite ignored="2" hostname="BOOK-NV4SIBD4NN" failures="0" tests="1" name="Default test(failed)(failed)" time="0.039" errors="0" timestamp="18 Jan 2024 23:54:38 GMT">
  <testcase classname="com.testng.test.Practice" name="getHome3" time="0.013"/>
  <testcase classname="com.testng.test.Practice" name="getName1" time="0.0">
    <ignored/>
  </testcase> <!-- getName1 -->
  <testcase classname="com.testng.test.Practice" name="getvalue2" time="0.0">
    <ignored/>
  </testcase> <!-- getvalue2 -->
</testsuite> <!-- Default test(failed)(failed) -->
